This is TeX, Version 3.14159 (Web2C 7.4.5) (format=latex 2004.4.6)  19 JUL 2006 18:30
**sem1d
(./sem1d.tex
LaTeX2e <2001/06/01>
Babel <v3.7h> and hyphenation patterns for american, french, german, ngerman, n
ohyphenation, loaded.
(/usr/share/texmf/tex/latex/base/article.cls
Document Class: article 2001/04/21 v1.4e Standard LaTeX document class
(/usr/share/texmf/tex/latex/base/size10.clo
File: size10.clo 2001/04/21 v1.4e Standard LaTeX file (size option)
)
\c@part=\count79
\c@section=\count80
\c@subsection=\count81
\c@subsubsection=\count82
\c@paragraph=\count83
\c@subparagraph=\count84
\c@figure=\count85
\c@table=\count86
\abovecaptionskip=\skip41
\belowcaptionskip=\skip42
\bibindent=\dimen102
)
(/usr/share/texmf/tex/latex/graphics/graphicx.sty
Package: graphicx 1999/02/16 v1.0f Enhanced LaTeX Graphics (DPC,SPQR)

(/usr/share/texmf/tex/latex/graphics/keyval.sty
Package: keyval 1999/03/16 v1.13 key=value parser (DPC)
\KV@toks@=\toks14
)
(/usr/share/texmf/tex/latex/graphics/graphics.sty
Package: graphics 2001/07/07 v1.0n Standard LaTeX Graphics (DPC,SPQR)

(/usr/share/texmf/tex/latex/graphics/trig.sty
Package: trig 1999/03/16 v1.09 sin cos tan (DPC)
)
(/usr/share/texmf/tex/latex/config/graphics.cfg
File: graphics.cfg 2001/08/31 v1.1 graphics configuration of teTeX/TeXLive
)
Package graphics Info: Driver file: dvips.def on input line 80.

(/usr/share/texmf/tex/latex/graphics/dvips.def
File: dvips.def 1999/02/16 v3.0i Driver-dependant file (DPC,SPQR)
))
\Gin@req@height=\dimen103
\Gin@req@width=\dimen104
)
(/usr/share/texmf/tex/latex/graphics/color.sty
Package: color 1999/02/16 v1.0i Standard LaTeX Color (DPC)

(/usr/share/texmf/tex/latex/config/color.cfg
File: color.cfg 2001/08/31 v1.1 color configuration of teTeX/TeXLive
)
Package color Info: Driver file: dvips.def on input line 125.

(/usr/share/texmf/tex/latex/graphics/dvipsnam.def
File: dvipsnam.def 1999/02/16 v3.0i Driver-dependant file (DPC,SPQR)
)) (./sem1d.aux)
\openout1 = `sem1d.aux'.

LaTeX Font Info:    Checking defaults for OML/cmm/m/it on input line 13.
LaTeX Font Info:    ... okay on input line 13.
LaTeX Font Info:    Checking defaults for T1/cmr/m/n on input line 13.
LaTeX Font Info:    ... okay on input line 13.
LaTeX Font Info:    Checking defaults for OT1/cmr/m/n on input line 13.
LaTeX Font Info:    ... okay on input line 13.
LaTeX Font Info:    Checking defaults for OMS/cmsy/m/n on input line 13.
LaTeX Font Info:    ... okay on input line 13.
LaTeX Font Info:    Checking defaults for OMX/cmex/m/n on input line 13.
LaTeX Font Info:    ... okay on input line 13.
LaTeX Font Info:    Checking defaults for U/cmr/m/n on input line 13.
LaTeX Font Info:    ... okay on input line 13.
LaTeX Font Info:    External font `cmex10' loaded for size
(Font)              <7> on input line 23.
LaTeX Font Info:    External font `cmex10' loaded for size
(Font)              <5> on input line 23.
LaTeX Font Info:    Try loading font information for OMS+cmr on input line 39.

(/usr/share/texmf/tex/latex/base/omscmr.fd
File: omscmr.fd 1999/05/25 v2.5h Standard LaTeX font definitions
)
LaTeX Font Info:    Font shape `OMS/cmr/m/n' in size <10> not available
(Font)              Font shape `OMS/cmsy/m/n' tried instead on input line 39.

Overfull \hbox (11.99689pt too wide) in paragraph at lines 56--56
[]\OT1/cmtt/m/n/10 Fx = 5;         % location of point source (required if F_IS
_WAVE=0)[] 
 []


Overfull \hbox (53.99652pt too wide) in paragraph at lines 149--149
[]\OT1/cmtt/m/n/10 % contains a spectral sub-grid of Gauss-Lobato-Legendre (GLL
) internal nodes[] 
 []


Overfull \hbox (53.99652pt too wide) in paragraph at lines 149--149
[]\OT1/cmtt/m/n/10 % Let's take an example. Consider a mesh of 3 elements with 
index e = 1 to 3[] 
 []

[1

]
Overfull \hbox (90.7462pt too wide) in paragraph at lines 149--149
[]\OT1/cmtt/m/n/10 %X(1)                      X(2)                      X(3)   
                   X(4)[] 
 []


Overfull \hbox (80.24629pt too wide) in paragraph at lines 149--149
[]\OT1/cmtt/m/n/10 % |----------- 1 -----------|----------- 2 -----------|-----
------ 3 -----------|[] 
 []


Overfull \hbox (80.24629pt too wide) in paragraph at lines 149--149
[]\OT1/cmtt/m/n/10 % :                         :                         :     
                    :[] 
 []


Overfull \hbox (74.99634pt too wide) in paragraph at lines 149--149
[]\OT1/cmtt/m/n/10 % Let's assume P=4 (NGLL=5). Each element is provided with a
 non uniform subgrid[] 
 []


Overfull \hbox (11.99689pt too wide) in paragraph at lines 149--149
[]\OT1/cmtt/m/n/10 % of 5 GLL nodes ("o" are internal and "0" are inter-element
 nodes):[] 
 []


Overfull \hbox (80.24629pt too wide) in paragraph at lines 149--149
[]\OT1/cmtt/m/n/10 % :                         :                         :     
                    :[] 
 []


Overfull \hbox (80.24629pt too wide) in paragraph at lines 149--149
[]\OT1/cmtt/m/n/10 % 0----o-------o-------o----0----o-------o-------o----0----o
-------o-------o----0[] 
 []


Overfull \hbox (80.24629pt too wide) in paragraph at lines 149--149
[]\OT1/cmtt/m/n/10 % :                         :                         :     
                    :[] 
 []


Overfull \hbox (80.24629pt too wide) in paragraph at lines 149--149
[]\OT1/cmtt/m/n/10 % :                         :                         :     
                    :[] 
 []


Overfull \hbox (80.24629pt too wide) in paragraph at lines 149--149
[]\OT1/cmtt/m/n/10 % 1    2       3       4    5    6       7       8    9   10
      11      12   13[] 
 []


Overfull \hbox (80.24629pt too wide) in paragraph at lines 149--149
[]\OT1/cmtt/m/n/10 % :                         :                         :     
                    :[] 
 []


Overfull \hbox (69.74638pt too wide) in paragraph at lines 149--149
[]\OT1/cmtt/m/n/10 % whereas their local numbering is a pair of indices (GLL-in
dex,element-index):[] 
 []


Overfull \hbox (80.24629pt too wide) in paragraph at lines 149--149
[]\OT1/cmtt/m/n/10 % :                         :                         :     
                    :[] 
 []


Overfull \hbox (90.7462pt too wide) in paragraph at lines 149--149
[]\OT1/cmtt/m/n/10 %(1,1)(2,1)  (3,1)   (4,1)(5,1)                     (1,3)(2,
3)   (3,3)   (4,3)(5,3)[] 
 []


Overfull \hbox (22.4968pt too wide) in paragraph at lines 149--149
[]\OT1/cmtt/m/n/10 % "iglob" is the table that allows to go from local to globa
l indices,[] 
 []


Overfull \hbox (69.74638pt too wide) in paragraph at lines 149--149
[]\OT1/cmtt/m/n/10 % i.e. iglob(i,e) is the global index of the i-th GLL node i
n the e-th element,[] 
 []


Overfull \hbox (64.49643pt too wide) in paragraph at lines 149--149
[]\OT1/cmtt/m/n/10 % can be stored either in "local storage" mode, where XXX(i,
e) is the value at[] 
 []


Overfull \hbox (17.24684pt too wide) in paragraph at lines 149--149
[]\OT1/cmtt/m/n/10 % the i-th GLL node of the e-th element, or in "global stora
ge" mode,[] 
 []


Overfull \hbox (11.99689pt too wide) in paragraph at lines 149--149
[]\OT1/cmtt/m/n/10 % The local storage is more convenient for element-by-elemen
t access[] 
 []


Overfull \hbox (6.74693pt too wide) in paragraph at lines 149--149
[]\OT1/cmtt/m/n/10 % whereas the global storage naturally avoids redundant oper
ations.[] 
 []


Overfull \hbox (74.99634pt too wide) in paragraph at lines 149--149
[]\OT1/cmtt/m/n/10 % Quantities that can be discontinuous across elements must 
be in local storage,[] 
 []


Overfull \hbox (64.49643pt too wide) in paragraph at lines 149--149
[]\OT1/cmtt/m/n/10 % global storage is better for quantities that are continuou
s across elements.[] 
 []


Overfull \hbox (17.24684pt too wide) in paragraph at lines 149--149
[]\OT1/cmtt/m/n/10 % K is sparse, with blocks corresponding to the elements, so
 only the[] 
 []


Overfull \hbox (90.7462pt too wide) in paragraph at lines 149--149
[]\OT1/cmtt/m/n/10 % It is the first example of how a global array (the diagona
l M of the mass matrix)[] 
 []

[2]
Overfull \hbox (80.24629pt too wide) in paragraph at lines 149--149
[]\OT1/cmtt/m/n/10 Ft = src_timef( t-0.5*dt,'ricker', Ff0); % at mid-steps, see
 time-stepping scheme[] 
 []


Overfull \hbox (11.99689pt too wide) in paragraph at lines 149--149
[]\OT1/cmtt/m/n/10 for i=1:OUTnx, [OUTdist(i),OUTix(i)] = min( abs(coor-OUTx(i)
) ); end[] 
 []

[3]
Overfull \hbox (38.24666pt too wide) in paragraph at lines 197--197
[]    \OT1/cmtt/m/n/10 a(ix) = a(ix) - K(:,:,e)*d(ix) ; % Note again the usage 
of "iglob" to[] 
 []

File: sem1d_01.eps Graphic file (type eps)
<sem1d_01.eps> [4] [5] (./sem1d.aux) ) 
Here is how much of TeX's memory you used:
 721 strings out of 95847
 9114 string characters out of 1195963
 58186 words of memory out of 1000001
 3703 multiletter control sequences out of 10000+50000
 5018 words of font info for 19 fonts, out of 500000 for 1000
 14 hyphenation exceptions out of 1000
 25i,5n,19p,196b,311s stack positions out of 1500i,500n,5000p,200000b,5000s

Output written on sem1d.dvi (5 pages, 8636 bytes).
